\BOOKMARK [0][-]{chapter*.1}{Acknowledgments}{}% 1
\BOOKMARK [0][-]{chapter*.2}{Declaration}{}% 2
\BOOKMARK [0][-]{chapter*.3}{Abstract}{}% 3
\BOOKMARK [0][-]{chapter*.4}{Abstrakt}{}% 4
\BOOKMARK [0][-]{chapter*.8}{List\040of\040abbreviations}{}% 5
\BOOKMARK [0][-]{chapter.1}{Introduction}{}% 6
\BOOKMARK [1][-]{section.1.1}{Motivation}{chapter.1}% 7
\BOOKMARK [1][-]{section.1.2}{Problem\040statement}{chapter.1}% 8
\BOOKMARK [1][-]{section.1.3}{Research\040objectives}{chapter.1}% 9
\BOOKMARK [1][-]{section.1.4}{Alignment\040with\040thesis\040assignment\040tasks}{chapter.1}% 10
\BOOKMARK [0][-]{chapter.2}{Theoretical\040background}{}% 11
\BOOKMARK [1][-]{section.2.1}{On-device\040inference\040in\040mobile\040environments}{chapter.2}% 12
\BOOKMARK [1][-]{section.2.2}{Hardware\040and\040system\040constraints}{chapter.2}% 13
\BOOKMARK [2][-]{subsection.2.2.1}{CPU,\040GPU,\040and\040NPU\040roles}{section.2.2}% 14
\BOOKMARK [2][-]{subsection.2.2.2}{Power\040and\040thermal\040behavior}{section.2.2}% 15
\BOOKMARK [1][-]{section.2.3}{Efficient\040neural\040networks\040for\040mobile\040vision}{chapter.2}% 16
\BOOKMARK [1][-]{section.2.4}{Model\040compression\040and\040quantization}{chapter.2}% 17
\BOOKMARK [2][-]{subsection.2.4.1}{Post-training\040quantization}{section.2.4}% 18
\BOOKMARK [2][-]{subsection.2.4.2}{INT8\040design\040choices\040that\040affect\040quality}{section.2.4}% 19
\BOOKMARK [1][-]{section.2.5}{Face\040detection\040and\040landmark\040estimation}{chapter.2}% 20
\BOOKMARK [2][-]{subsection.2.5.1}{Task\040definitions}{section.2.5}% 21
\BOOKMARK [2][-]{subsection.2.5.2}{Representative\040models}{section.2.5}% 22
\BOOKMARK [2][-]{subsection.2.5.3}{Datasets\040and\040annotation\040uncertainty}{section.2.5}% 23
\BOOKMARK [0][-]{chapter.3}{ExecuTorch\040for\040mobile\040deployment}{}% 24
\BOOKMARK [1][-]{section.3.1}{ExecuTorch\040motivation}{chapter.3}% 25
\BOOKMARK [1][-]{section.3.2}{Conceptual\040architecture}{chapter.3}% 26
\BOOKMARK [1][-]{section.3.3}{Export\040and\040lowering\040workflow}{chapter.3}% 27
\BOOKMARK [2][-]{subsection.3.3.1}{Intermediate\040representations\040used\040before\040runtime}{section.3.3}% 28
\BOOKMARK [2][-]{subsection.3.3.2}{The\040.pte\040deployment\040artifact}{section.3.3}% 29
\BOOKMARK [2][-]{subsection.3.3.3}{Static\040shapes,\040dynamic\040shapes,\040and\040batching}{section.3.3}% 30
\BOOKMARK [2][-]{subsection.3.3.4}{Memory\040planning}{section.3.3}% 31
\BOOKMARK [1][-]{section.3.4}{Delegation\040and\040partitioning}{chapter.3}% 32
\BOOKMARK [2][-]{subsection.3.4.1}{XNNPACK}{section.3.4}% 33
\BOOKMARK [2][-]{subsection.3.4.2}{Core\040ML}{section.3.4}% 34
\BOOKMARK [1][-]{section.3.5}{Quantization\040in\040ExecuTorch}{chapter.3}% 35
\BOOKMARK [1][-]{section.3.6}{Runtime\040integration\040in\040the\040benchmark\040applications}{chapter.3}% 36
\BOOKMARK [0][-]{chapter.4}{Benchmark\040methodology}{}% 37
\BOOKMARK [1][-]{section.4.1}{Methodological\040goals}{chapter.4}% 38
\BOOKMARK [1][-]{section.4.2}{Evaluated\040pipeline}{chapter.4}% 39
\BOOKMARK [1][-]{section.4.3}{Model\040families\040and\040configuration\040space}{chapter.4}% 40
\BOOKMARK [1][-]{section.4.4}{iOS\040and\040Android\040implementation\040parity}{chapter.4}% 41
\BOOKMARK [1][-]{section.4.5}{Dataset\040and\040inputs}{chapter.4}% 42
\BOOKMARK [1][-]{section.4.6}{Metrics}{chapter.4}% 43
\BOOKMARK [2][-]{subsection.4.6.1}{Landmark\040inference\040latency}{section.4.6}% 44
\BOOKMARK [2][-]{subsection.4.6.2}{Throughput\040and\040batch\040scaling}{section.4.6}% 45
\BOOKMARK [2][-]{subsection.4.6.3}{Landmark\040accuracy}{section.4.6}% 46
\BOOKMARK [2][-]{subsection.4.6.4}{Optional\040energy\040metrics}{section.4.6}% 47
\BOOKMARK [1][-]{section.4.7}{Measurement\040protocol}{chapter.4}% 48
\BOOKMARK [1][-]{section.4.8}{Run\040artifacts\040and\040offline\040analysis}{chapter.4}% 49
\BOOKMARK [1][-]{section.4.9}{Threats\040to\040validity}{chapter.4}% 50
\BOOKMARK [0][-]{chapter.5}{Experimental\040results}{}% 51
\BOOKMARK [1][-]{section.5.1}{Result\040scope\040and\040source\040artifacts}{chapter.5}% 52
\BOOKMARK [1][-]{section.5.2}{Batch\040size\0401\040speed\040and\040latency\040overview}{chapter.5}% 53
\BOOKMARK [1][-]{section.5.3}{Focus-device\040backend\040and\040quantization\040at\040batch\040size\0401}{chapter.5}% 54
\BOOKMARK [1][-]{section.5.4}{Focus-device\040batch\040scaling}{chapter.5}% 55
\BOOKMARK [1][-]{section.5.5}{Quantization\040deltas\040and\040cumulative\040error\040behavior}{chapter.5}% 56
\BOOKMARK [1][-]{section.5.6}{iPhone\04014\040result\040interpretation}{chapter.5}% 57
\BOOKMARK [0][-]{chapter.6}{Conclusion}{}% 58
\BOOKMARK [0][-]{appendix.A}{Reproducibility}{}% 59
\BOOKMARK [1][-]{section.A.1}{Combined\040CSV\040and\040chart\040generation}{appendix.A}% 60
\BOOKMARK [1][-]{section.A.2}{Summary\040table\040generation}{appendix.A}% 61
\BOOKMARK [1][-]{section.A.3}{INT8\040XNNPACK\040landmark\040model\040export\040with\040post-training\040quantization}{appendix.A}% 62
\BOOKMARK [0][-]{appendix*.34}{Bibliography}{}% 63
\BOOKMARK [0][-]{appendix*.35}{Contents\040of\040the\040attachment}{}% 64
